<?xml version="1.0" encoding="UTF-8"?>
<!-- Generated by org.testng.reporters.JUnitXMLReporter -->
<testsuite ignored="2" hostname="Macs-MacBook-Pro.local" failures="1" tests="1" name="Surefire test" time="0.038" errors="0" timestamp="2026-08-23T09:14:48 EEST">
  <testcase classname="com.orangehrmlive.automation.tests.LoginTests" name="validLogin" time="0.017">
    <failure type="java.lang.NullPointerException" message="Cannot invoke &amp;quot;org.openqa.selenium.WebDriver.findElement(org.openqa.selenium.By)&amp;quot; because &amp;quot;driver&amp;quot; is null">
      <![CDATA[java.lang.NullPointerException: Cannot invoke "org.openqa.selenium.WebDriver.findElement(org.openqa.selenium.By)" because "driver" is null
at org.openqa.selenium.support.ui.ExpectedConditions$7.apply(ExpectedConditions.java:222)
at org.openqa.selenium.support.ui.ExpectedConditions$7.apply(ExpectedConditions.java:215)
at org.openqa.selenium.support.ui.FluentWait.until(FluentWait.java:210)
at com.orangehrmlive.automation.pageObjects.BasePage.waitForElement(BasePage.java:21)
at com.orangehrmlive.automation.pageObjects.BasePage.isElementDisplayed(BasePage.java:25)
at com.orangehrmlive.automation.pageObjects.LoginPage.isUsernameFieldVisible(LoginPage.java:27)
at com.orangehrmlive.automation.tests.LoginTests.validLogin(LoginTests.java:17)
at java.base/java.util.ArrayList.forEach(ArrayList.java:1612)
... Removed 30 stack frames]]>
    </failure>
  </testcase> <!-- validLogin -->
  <testcase classname="com.orangehrmlive.automation.tests.EmployeeSearchTest" name="searchForEmployee" time="0.0">
    <ignored/>
  </testcase> <!-- searchForEmployee -->
  <testcase classname="com.orangehrmlive.automation.tests.AddEmployeeTest" name="addNewEmployee" time="0.0">
    <ignored/>
  </testcase> <!-- addNewEmployee -->
</testsuite> <!-- Surefire test -->
